<?xml version="1.0" encoding="UTF-8"?>
<!-- Generated by org.testng.reporters.JUnitXMLReporter -->
<testsuite ignored="0" hostname="DESKTOP-15R3KD4" failures="0" tests="8" name="Default test" time="13.379" errors="0" timestamp="2024-06-10T19:39:12 EET">
  <testcase classname="TestProject3" name="Login" time="0.184"/>
  <testcase classname="TestProject3" name="TestTitle" time="0.03"/>
  <testcase classname="TestProject3" name="TestSortFromeLowtohigh" time="2.071"/>
  <testcase classname="TestProject3" name="VerifiyLowestPrice" time="2.027"/>
  <testcase classname="TestProject3" name="DropList" time="2.069"/>
  <testcase classname="TestProject3" name="SortNameZtoA" time="2.063"/>
  <testcase classname="TestProject3" name="SortPriceltoh" time="2.066"/>
  <testcase classname="TestProject3" name="SortPricehtol" time="2.065"/>
</testsuite> <!-- Default test -->
